Release 14.2 - ngc2edif P.28xd (nt64)
Copyright (c) 1995-2012 Xilinx, Inc.  All rights reserved.
Reading design Ash.ngc ...
WARNING:NetListWriters:298 - No output is written to Ash.xncf, ignored.
Processing design ...
   Preping design's networks ...
   Preping design's macros ...
  finished :Prep
Writing EDIF netlist file Ash.edif ...
ngc2edif: Total memory usage is 78424 kilobytes

Release 14.2 - ngc2edif P.28xd (nt64)
Copyright (c) 1995-2012 Xilinx, Inc.  All rights reserved.
Reading design Enemy.ngc ...
WARNING:NetListWriters:298 - No output is written to Enemy.xncf, ignored.
Processing design ...
   Preping design's networks ...
   Preping design's macros ...
  finished :Prep
Writing EDIF netlist file Enemy.edif ...
ngc2edif: Total memory usage is 78424 kilobytes

Release 14.2 - ngc2edif P.28xd (nt64)
Copyright (c) 1995-2012 Xilinx, Inc.  All rights reserved.
Reading design Grass.ngc ...
WARNING:NetListWriters:298 - No output is written to Grass.xncf, ignored.
Processing design ...
   Preping design's networks ...
   Preping design's macros ...
  finished :Prep
Writing EDIF netlist file Grass.edif ...
ngc2edif: Total memory usage is 78232 kilobytes

Release 14.2 - ngc2edif P.28xd (nt64)
Copyright (c) 1995-2012 Xilinx, Inc.  All rights reserved.
Reading design flower.ngc ...
WARNING:NetListWriters:298 - No output is written to flower.xncf, ignored.
Processing design ...
   Preping design's networks ...
   Preping design's macros ...
  finished :Prep
Writing EDIF netlist file flower.edif ...
ngc2edif: Total memory usage is 78040 kilobytes

Release 14.2 - ngc2edif P.28xd (nt64)
Copyright (c) 1995-2012 Xilinx, Inc.  All rights reserved.
Reading design brick.ngc ...
WARNING:NetListWriters:298 - No output is written to brick.xncf, ignored.
Processing design ...
   Preping design's networks ...
   Preping design's macros ...
  finished :Prep
Writing EDIF netlist file brick.edif ...
ngc2edif: Total memory usage is 78424 kilobytes

