--------------------------------------------------------------------------------
Release 14.2 Trace  (nt64)
Copyright (c) 1995-2012 Xilinx, Inc.  All rights reserved.

C:\Xilinx\14.2\ISE_DS\ISE\bin\nt64\unwrapped\trce.exe -intstyle ise -v 3 -s 3
-n 3 -fastpaths -xml vga_controller.twx vga_controller.ncd -o
vga_controller.twr vga_controller.pcf -ucf vga_controller.ucf

Design file:              vga_controller.ncd
Physical constraint file: vga_controller.pcf
Device,package,speed:     xc6slx16,csg324,C,-3 (PRODUCTION 1.22 2012-07-09)
Report level:             verbose report

Environment Variable      Effect 
--------------------      ------ 
NONE                      No environment variables were set
--------------------------------------------------------------------------------

INFO:Timing:2698 - No timing constraints found, doing default enumeration.
INFO:Timing:3412 - To improve timing, see the Timing Closure User Guide (UG612).
INFO:Timing:2752 - To get complete path coverage, use the unconstrained paths 
   option. All paths that are not constrained will be reported in the 
   unconstrained paths section(s) of the report.
INFO:Timing:3339 - The clock-to-out numbers in this timing report are based on 
   a 50 Ohm transmission line loading model.  For the details of this model, 
   and for more information on accounting for different loading conditions, 
   please see the device datasheet.



Data Sheet report:
-----------------
All values displayed in nanoseconds (ns)

Setup/Hold to clock clk
------------+------------+------------+------------+------------+------------------+--------+
            |Max Setup to|  Process   |Max Hold to |  Process   |                  | Clock  |
Source      | clk (edge) |   Corner   | clk (edge) |   Corner   |Internal Clock(s) | Phase  |
------------+------------+------------+------------+------------+------------------+--------+
keyclk      |    1.070(R)|      FAST  |   -0.545(R)|      SLOW  |clk_BUFGP         |   0.000|
keyinput    |    0.242(R)|      FAST  |    0.567(R)|      SLOW  |clk_BUFGP         |   0.000|
rst         |    2.768(R)|      SLOW  |   -1.402(R)|      FAST  |clk_BUFGP         |   0.000|
------------+------------+------------+------------+------------+------------------+--------+

Clock clk to Pad
------------+-----------------+------------+-----------------+------------+------------------+--------+
            |Max (slowest) clk|  Process   |Min (fastest) clk|  Process   |                  | Clock  |
Destination |  (edge) to PAD  |   Corner   |  (edge) to PAD  |   Corner   |Internal Clock(s) | Phase  |
------------+-----------------+------------+-----------------+------------+------------------+--------+
led<0>      |        11.904(R)|      SLOW  |         5.957(R)|      FAST  |clk_BUFGP         |   0.000|
led<1>      |        12.274(R)|      SLOW  |         5.560(R)|      FAST  |clk_BUFGP         |   0.000|
led<2>      |        11.733(R)|      SLOW  |         6.053(R)|      FAST  |clk_BUFGP         |   0.000|
led<3>      |        11.311(R)|      SLOW  |         5.631(R)|      FAST  |clk_BUFGP         |   0.000|
led<4>      |        11.348(R)|      SLOW  |         5.153(R)|      FAST  |clk_BUFGP         |   0.000|
led<5>      |        11.141(R)|      SLOW  |         5.429(R)|      FAST  |clk_BUFGP         |   0.000|
led<6>      |        10.688(R)|      SLOW  |         5.226(R)|      FAST  |clk_BUFGP         |   0.000|
led<7>      |        10.573(R)|      SLOW  |         5.345(R)|      FAST  |clk_BUFGP         |   0.000|
------------+-----------------+------------+-----------------+------------+------------------+--------+

Clock to Setup on destination clock clk
---------------+---------+---------+---------+---------+
               | Src:Rise| Src:Fall| Src:Rise| Src:Fall|
Source Clock   |Dest:Rise|Dest:Rise|Dest:Fall|Dest:Fall|
---------------+---------+---------+---------+---------+
clk            |    3.428|         |         |         |
---------------+---------+---------+---------+---------+


Analysis completed Tue Apr 03 17:08:44 2018 
--------------------------------------------------------------------------------

Trace Settings:
-------------------------
Trace Settings 

Peak Memory Usage: 230 MB



